{"C:\\Users\\JUser\\OneDrive\\Desktop\\code-challenge-orzu-sangov-master\\src\\constants\\Ranks.js": {"path":"C:\\Users\\JUser\\OneDrive\\Desktop\\code-challenge-orzu-sangov-master\\src\\constants\\Ranks.js","statementMap":{"0":{"start":{"line":1,"column":0},"end":{"line":54,"column":2}}},"fnMap":{},"branchMap":{},"s":{"0":7},"f":{},"b":{},"_coverageSchema":"332fd63041d2c1bcb487cc26dd0d5f7d97098a6c","hash":"c121b0567d2c34d43340b0a7eb9c2b265b892cdb"}
,"C:\\Users\\JUser\\OneDrive\\Desktop\\code-challenge-orzu-sangov-master\\src\\constants\\Suits.js": {"path":"C:\\Users\\JUser\\OneDrive\\Desktop\\code-challenge-orzu-sangov-master\\src\\constants\\Suits.js","statementMap":{"0":{"start":{"line":1,"column":0},"end":{"line":6,"column":2}}},"fnMap":{},"branchMap":{},"s":{"0":7},"f":{},"b":{},"_coverageSchema":"332fd63041d2c1bcb487cc26dd0d5f7d97098a6c","hash":"7bec5551ff8c12562ffa9eb2d5d93d8b10108119"}
,"C:\\Users\\JUser\\OneDrive\\Desktop\\code-challenge-orzu-sangov-master\\src\\models\\Card.js": {"path":"C:\\Users\\JUser\\OneDrive\\Desktop\\code-challenge-orzu-sangov-master\\src\\models\\Card.js","statementMap":{"0":{"start":{"line":1,"column":15},"end":{"line":1,"column":32}},"1":{"start":{"line":2,"column":13},"end":{"line":2,"column":30}},"2":{"start":{"line":3,"column":13},"end":{"line":3,"column":30}},"3":{"start":{"line":7,"column":8},"end":{"line":7,"column":75}},"4":{"start":{"line":8,"column":8},"end":{"line":8,"column":75}},"5":{"start":{"line":10,"column":8},"end":{"line":10,"column":38}},"6":{"start":{"line":11,"column":8},"end":{"line":11,"column":38}},"7":{"start":{"line":14,"column":16},"end":{"line":14,"column":33}},"8":{"start":{"line":16,"column":16},"end":{"line":16,"column":33}},"9":{"start":{"line":19,"column":8},"end":{"line":20,"column":53}},"10":{"start":{"line":24,"column":0},"end":{"line":24,"column":22}}},"fnMap":{"0":{"name":"(anonymous_0)","decl":{"start":{"line":6,"column":4},"end":{"line":6,"column":5}},"loc":{"start":{"line":6,"column":34},"end":{"line":12,"column":5}},"line":6},"1":{"name":"(anonymous_1)","decl":{"start":{"line":14,"column":4},"end":{"line":14,"column":5}},"loc":{"start":{"line":14,"column":14},"end":{"line":14,"column":35}},"line":14},"2":{"name":"(anonymous_2)","decl":{"start":{"line":16,"column":4},"end":{"line":16,"column":5}},"loc":{"start":{"line":16,"column":14},"end":{"line":16,"column":35}},"line":16},"3":{"name":"(anonymous_3)","decl":{"start":{"line":18,"column":4},"end":{"line":18,"column":5}},"loc":{"start":{"line":18,"column":17},"end":{"line":21,"column":5}},"line":18}},"branchMap":{"0":{"loc":{"start":{"line":19,"column":15},"end":{"line":20,"column":52}},"type":"binary-expr","locations":[{"start":{"line":19,"column":15},"end":{"line":19,"column":52}},{"start":{"line":20,"column":15},"end":{"line":20,"column":52}}],"line":19}},"s":{"0":4,"1":4,"2":4,"3":1620,"4":1619,"5":1616,"6":1614,"7":557,"8":555,"9":159,"10":4},"f":{"0":1620,"1":557,"2":555,"3":159},"b":{"0":[159,158]},"_coverageSchema":"332fd63041d2c1bcb487cc26dd0d5f7d97098a6c","hash":"b88413f37a4dab499c638de4afc7f39c1ae489e7"}
,"C:\\Users\\JUser\\OneDrive\\Desktop\\code-challenge-orzu-sangov-master\\src\\models\\Deck.js": {"path":"C:\\Users\\JUser\\OneDrive\\Desktop\\code-challenge-orzu-sangov-master\\src\\models\\Deck.js","statementMap":{"0":{"start":{"line":1,"column":13},"end":{"line":1,"column":30}},"1":{"start":{"line":2,"column":13},"end":{"line":2,"column":30}},"2":{"start":{"line":3,"column":13},"end":{"line":3,"column":30}},"3":{"start":{"line":7,"column":8},"end":{"line":7,"column":24}},"4":{"start":{"line":9,"column":8},"end":{"line":13,"column":9}},"5":{"start":{"line":10,"column":12},"end":{"line":12,"column":13}},"6":{"start":{"line":11,"column":16},"end":{"line":11,"column":60}},"7":{"start":{"line":17,"column":8},"end":{"line":17,"column":26}},"8":{"start":{"line":21,"column":27},"end":{"line":21,"column":42}},"9":{"start":{"line":22,"column":25},"end":{"line":22,"column":40}},"10":{"start":{"line":24,"column":8},"end":{"line":34,"column":9}},"11":{"start":{"line":25,"column":12},"end":{"line":29,"column":13}},"12":{"start":{"line":26,"column":16},"end":{"line":28,"column":17}},"13":{"start":{"line":27,"column":20},"end":{"line":27,"column":33}},"14":{"start":{"line":31,"column":12},"end":{"line":31,"column":24}},"15":{"start":{"line":33,"column":12},"end":{"line":33,"column":25}},"16":{"start":{"line":38,"column":0},"end":{"line":38,"column":22}}},"fnMap":{"0":{"name":"(anonymous_0)","decl":{"start":{"line":6,"column":4},"end":{"line":6,"column":5}},"loc":{"start":{"line":6,"column":18},"end":{"line":14,"column":5}},"line":6},"1":{"name":"(anonymous_1)","decl":{"start":{"line":16,"column":4},"end":{"line":16,"column":5}},"loc":{"start":{"line":16,"column":15},"end":{"line":18,"column":5}},"line":16},"2":{"name":"(anonymous_2)","decl":{"start":{"line":20,"column":4},"end":{"line":20,"column":5}},"loc":{"start":{"line":20,"column":17},"end":{"line":35,"column":5}},"line":20}},"branchMap":{"0":{"loc":{"start":{"line":24,"column":8},"end":{"line":34,"column":9}},"type":"if","locations":[{"start":{"line":24,"column":8},"end":{"line":34,"column":9}},{"start":{"line":24,"column":8},"end":{"line":34,"column":9}}],"line":24},"1":{"loc":{"start":{"line":26,"column":16},"end":{"line":28,"column":17}},"type":"if","locations":[{"start":{"line":26,"column":16},"end":{"line":28,"column":17}},{"start":{"line":26,"column":16},"end":{"line":28,"column":17}}],"line":26}},"s":{"0":3,"1":3,"2":3,"3":30,"4":30,"5":390,"6":1560,"7":46,"8":5,"9":5,"10":5,"11":4,"12":106,"13":2,"14":2,"15":1,"16":3},"f":{"0":30,"1":46,"2":5},"b":{"0":[4,1],"1":[2,104]},"_coverageSchema":"332fd63041d2c1bcb487cc26dd0d5f7d97098a6c","hash":"8cb26127c2c94f7dec81c0dc7153e1e568754960"}
,"C:\\Users\\JUser\\OneDrive\\Desktop\\code-challenge-orzu-sangov-master\\src\\models\\Game.js": {"path":"C:\\Users\\JUser\\OneDrive\\Desktop\\code-challenge-orzu-sangov-master\\src\\models\\Game.js","statementMap":{"0":{"start":{"line":1,"column":15},"end":{"line":1,"column":32}},"1":{"start":{"line":5,"column":8},"end":{"line":5,"column":78}},"2":{"start":{"line":6,"column":8},"end":{"line":6,"column":88}},"3":{"start":{"line":8,"column":8},"end":{"line":8,"column":31}},"4":{"start":{"line":9,"column":8},"end":{"line":9,"column":41}},"5":{"start":{"line":12,"column":19},"end":{"line":12,"column":39}},"6":{"start":{"line":14,"column":24},"end":{"line":14,"column":49}},"7":{"start":{"line":17,"column":27},"end":{"line":17,"column":44}},"8":{"start":{"line":18,"column":25},"end":{"line":18,"column":47}},"9":{"start":{"line":19,"column":29},"end":{"line":19,"column":46}},"10":{"start":{"line":20,"column":27},"end":{"line":20,"column":49}},"11":{"start":{"line":23,"column":8},"end":{"line":41,"column":9}},"12":{"start":{"line":24,"column":12},"end":{"line":24,"column":25}},"13":{"start":{"line":27,"column":12},"end":{"line":31,"column":13}},"14":{"start":{"line":28,"column":16},"end":{"line":30,"column":17}},"15":{"start":{"line":29,"column":20},"end":{"line":29,"column":33}},"16":{"start":{"line":34,"column":12},"end":{"line":38,"column":13}},"17":{"start":{"line":35,"column":16},"end":{"line":37,"column":17}},"18":{"start":{"line":36,"column":20},"end":{"line":36,"column":33}},"19":{"start":{"line":40,"column":12},"end":{"line":40,"column":24}},"20":{"start":{"line":45,"column":0},"end":{"line":45,"column":22}}},"fnMap":{"0":{"name":"(anonymous_0)","decl":{"start":{"line":4,"column":4},"end":{"line":4,"column":5}},"loc":{"start":{"line":4,"column":39},"end":{"line":10,"column":5}},"line":4},"1":{"name":"(anonymous_1)","decl":{"start":{"line":12,"column":4},"end":{"line":12,"column":5}},"loc":{"start":{"line":12,"column":17},"end":{"line":12,"column":41}},"line":12},"2":{"name":"(anonymous_2)","decl":{"start":{"line":14,"column":4},"end":{"line":14,"column":5}},"loc":{"start":{"line":14,"column":22},"end":{"line":14,"column":51}},"line":14},"3":{"name":"(anonymous_3)","decl":{"start":{"line":16,"column":4},"end":{"line":16,"column":5}},"loc":{"start":{"line":16,"column":17},"end":{"line":42,"column":5}},"line":16}},"branchMap":{"0":{"loc":{"start":{"line":23,"column":8},"end":{"line":41,"column":9}},"type":"if","locations":[{"start":{"line":23,"column":8},"end":{"line":41,"column":9}},{"start":{"line":23,"column":8},"end":{"line":41,"column":9}}],"line":23},"1":{"loc":{"start":{"line":23,"column":12},"end":{"line":23,"column":94}},"type":"binary-expr","locations":[{"start":{"line":23,"column":12},"end":{"line":23,"column":53}},{"start":{"line":23,"column":57},"end":{"line":23,"column":94}}],"line":23},"2":{"loc":{"start":{"line":28,"column":16},"end":{"line":30,"column":17}},"type":"if","locations":[{"start":{"line":28,"column":16},"end":{"line":30,"column":17}},{"start":{"line":28,"column":16},"end":{"line":30,"column":17}}],"line":28},"3":{"loc":{"start":{"line":35,"column":16},"end":{"line":37,"column":17}},"type":"if","locations":[{"start":{"line":35,"column":16},"end":{"line":37,"column":17}},{"start":{"line":35,"column":16},"end":{"line":37,"column":17}}],"line":35}},"s":{"0":2,"1":19,"2":18,"3":15,"4":15,"5":13,"6":23,"7":5,"8":5,"9":5,"10":5,"11":5,"12":2,"13":3,"14":3,"15":1,"16":2,"17":53,"18":1,"19":1,"20":2},"f":{"0":19,"1":13,"2":23,"3":5},"b":{"0":[2,3],"1":[5,4],"2":[1,2],"3":[1,52]},"_coverageSchema":"332fd63041d2c1bcb487cc26dd0d5f7d97098a6c","hash":"410c264d37712957514dc9c0ed29e8ef4de3dfc8"}
,"C:\\Users\\JUser\\OneDrive\\Desktop\\code-challenge-orzu-sangov-master\\src\\models\\Player.js": {"path":"C:\\Users\\JUser\\OneDrive\\Desktop\\code-challenge-orzu-sangov-master\\src\\models\\Player.js","statementMap":{"0":{"start":{"line":1,"column":15},"end":{"line":1,"column":32}},"1":{"start":{"line":5,"column":8},"end":{"line":5,"column":86}},"2":{"start":{"line":7,"column":8},"end":{"line":7,"column":37}},"3":{"start":{"line":8,"column":8},"end":{"line":8,"column":24}},"4":{"start":{"line":11,"column":16},"end":{"line":11,"column":39}},"5":{"start":{"line":14,"column":8},"end":{"line":14,"column":73}},"6":{"start":{"line":16,"column":8},"end":{"line":16,"column":27}},"7":{"start":{"line":20,"column":8},"end":{"line":20,"column":51}},"8":{"start":{"line":24,"column":0},"end":{"line":24,"column":24}}},"fnMap":{"0":{"name":"(anonymous_0)","decl":{"start":{"line":4,"column":4},"end":{"line":4,"column":5}},"loc":{"start":{"line":4,"column":28},"end":{"line":9,"column":5}},"line":4},"1":{"name":"(anonymous_1)","decl":{"start":{"line":11,"column":4},"end":{"line":11,"column":5}},"loc":{"start":{"line":11,"column":14},"end":{"line":11,"column":41}},"line":11},"2":{"name":"(anonymous_2)","decl":{"start":{"line":13,"column":4},"end":{"line":13,"column":5}},"loc":{"start":{"line":13,"column":20},"end":{"line":17,"column":5}},"line":13},"3":{"name":"(anonymous_3)","decl":{"start":{"line":19,"column":4},"end":{"line":19,"column":5}},"loc":{"start":{"line":19,"column":19},"end":{"line":21,"column":5}},"line":19}},"branchMap":{},"s":{"0":3,"1":59,"2":57,"3":57,"4":11,"5":3,"6":1,"7":5,"8":3},"f":{"0":59,"1":11,"2":3,"3":5},"b":{},"_coverageSchema":"332fd63041d2c1bcb487cc26dd0d5f7d97098a6c","hash":"b0b98e786e82c2a27d5662b4bfc4a2c85c2b30cc"}
,"C:\\Users\\JUser\\OneDrive\\Desktop\\code-challenge-orzu-sangov-master\\src\\models\\Rank.js": {"path":"C:\\Users\\JUser\\OneDrive\\Desktop\\code-challenge-orzu-sangov-master\\src\\models\\Rank.js","statementMap":{"0":{"start":{"line":1,"column":15},"end":{"line":1,"column":32}},"1":{"start":{"line":2,"column":14},"end":{"line":2,"column":43}},"2":{"start":{"line":6,"column":8},"end":{"line":6,"column":78}},"3":{"start":{"line":7,"column":8},"end":{"line":7,"column":104}},"4":{"start":{"line":8,"column":8},"end":{"line":8,"column":35}},"5":{"start":{"line":11,"column":25},"end":{"line":11,"column":38}},"6":{"start":{"line":13,"column":28},"end":{"line":13,"column":54}},"7":{"start":{"line":15,"column":23},"end":{"line":15,"column":52}},"8":{"start":{"line":17,"column":18},"end":{"line":17,"column":42}},"9":{"start":{"line":20,"column":8},"end":{"line":21,"column":75}},"10":{"start":{"line":25,"column":0},"end":{"line":25,"column":22}}},"fnMap":{"0":{"name":"(anonymous_0)","decl":{"start":{"line":5,"column":4},"end":{"line":5,"column":5}},"loc":{"start":{"line":5,"column":25},"end":{"line":9,"column":5}},"line":5},"1":{"name":"(anonymous_1)","decl":{"start":{"line":11,"column":4},"end":{"line":11,"column":5}},"loc":{"start":{"line":11,"column":23},"end":{"line":11,"column":40}},"line":11},"2":{"name":"(anonymous_2)","decl":{"start":{"line":13,"column":4},"end":{"line":13,"column":5}},"loc":{"start":{"line":13,"column":26},"end":{"line":13,"column":56}},"line":13},"3":{"name":"(anonymous_3)","decl":{"start":{"line":15,"column":4},"end":{"line":15,"column":5}},"loc":{"start":{"line":15,"column":21},"end":{"line":15,"column":54}},"line":15},"4":{"name":"(anonymous_4)","decl":{"start":{"line":17,"column":4},"end":{"line":17,"column":5}},"loc":{"start":{"line":17,"column":16},"end":{"line":17,"column":44}},"line":17},"5":{"name":"(anonymous_5)","decl":{"start":{"line":19,"column":4},"end":{"line":19,"column":5}},"loc":{"start":{"line":19,"column":17},"end":{"line":22,"column":5}},"line":19}},"branchMap":{"0":{"loc":{"start":{"line":20,"column":15},"end":{"line":21,"column":74}},"type":"binary-expr","locations":[{"start":{"line":20,"column":15},"end":{"line":20,"column":62}},{"start":{"line":21,"column":15},"end":{"line":21,"column":74}}],"line":20}},"s":{"0":5,"1":5,"2":1626,"3":1624,"4":1621,"5":13,"6":1656,"7":562,"8":319,"9":161,"10":5},"f":{"0":1626,"1":13,"2":1656,"3":562,"4":319,"5":161},"b":{"0":[161,159]},"_coverageSchema":"332fd63041d2c1bcb487cc26dd0d5f7d97098a6c","hash":"9f32d22e91ae8ba2dbe0bc675349ae45f7995192"}
,"C:\\Users\\JUser\\OneDrive\\Desktop\\code-challenge-orzu-sangov-master\\src\\models\\Suit.js": {"path":"C:\\Users\\JUser\\OneDrive\\Desktop\\code-challenge-orzu-sangov-master\\src\\models\\Suit.js","statementMap":{"0":{"start":{"line":1,"column":15},"end":{"line":1,"column":32}},"1":{"start":{"line":2,"column":14},"end":{"line":2,"column":43}},"2":{"start":{"line":6,"column":8},"end":{"line":6,"column":78}},"3":{"start":{"line":7,"column":8},"end":{"line":7,"column":104}},"4":{"start":{"line":8,"column":8},"end":{"line":8,"column":35}},"5":{"start":{"line":11,"column":25},"end":{"line":11,"column":38}},"6":{"start":{"line":13,"column":28},"end":{"line":13,"column":54}},"7":{"start":{"line":15,"column":23},"end":{"line":15,"column":52}},"8":{"start":{"line":17,"column":19},"end":{"line":17,"column":74}},"9":{"start":{"line":20,"column":0},"end":{"line":20,"column":22}}},"fnMap":{"0":{"name":"(anonymous_0)","decl":{"start":{"line":5,"column":4},"end":{"line":5,"column":5}},"loc":{"start":{"line":5,"column":25},"end":{"line":9,"column":5}},"line":5},"1":{"name":"(anonymous_1)","decl":{"start":{"line":11,"column":4},"end":{"line":11,"column":5}},"loc":{"start":{"line":11,"column":23},"end":{"line":11,"column":40}},"line":11},"2":{"name":"(anonymous_2)","decl":{"start":{"line":13,"column":4},"end":{"line":13,"column":5}},"loc":{"start":{"line":13,"column":26},"end":{"line":13,"column":56}},"line":13},"3":{"name":"(anonymous_3)","decl":{"start":{"line":15,"column":4},"end":{"line":15,"column":5}},"loc":{"start":{"line":15,"column":21},"end":{"line":15,"column":54}},"line":15},"4":{"name":"(anonymous_4)","decl":{"start":{"line":17,"column":4},"end":{"line":17,"column":5}},"loc":{"start":{"line":17,"column":17},"end":{"line":17,"column":76}},"line":17}},"branchMap":{},"s":{"0":5,"1":5,"2":1623,"3":1621,"4":1618,"5":4,"6":2013,"7":560,"8":160,"9":5},"f":{"0":1623,"1":4,"2":2013,"3":560,"4":160},"b":{},"_coverageSchema":"332fd63041d2c1bcb487cc26dd0d5f7d97098a6c","hash":"223bb81104b4630c940f7a7970163449185359bb"}
,"C:\\Users\\JUser\\OneDrive\\Desktop\\code-challenge-orzu-sangov-master\\src\\util\\cardDealer.js": {"path":"C:\\Users\\JUser\\OneDrive\\Desktop\\code-challenge-orzu-sangov-master\\src\\util\\cardDealer.js","statementMap":{"0":{"start":{"line":1,"column":15},"end":{"line":1,"column":32}},"1":{"start":{"line":2,"column":13},"end":{"line":2,"column":38}},"2":{"start":{"line":12,"column":16},"end":{"line":22,"column":1}},"3":{"start":{"line":13,"column":4},"end":{"line":13,"column":54}},"4":{"start":{"line":14,"column":4},"end":{"line":14,"column":48}},"5":{"start":{"line":19,"column":36},"end":{"line":19,"column":82}},"6":{"start":{"line":21,"column":4},"end":{"line":21,"column":62}},"7":{"start":{"line":33,"column":17},"end":{"line":53,"column":1}},"8":{"start":{"line":34,"column":4},"end":{"line":34,"column":54}},"9":{"start":{"line":35,"column":4},"end":{"line":35,"column":48}},"10":{"start":{"line":36,"column":4},"end":{"line":36,"column":84}},"11":{"start":{"line":41,"column":4},"end":{"line":50,"column":7}},"12":{"start":{"line":43,"column":8},"end":{"line":43,"column":46}},"13":{"start":{"line":45,"column":8},"end":{"line":47,"column":9}},"14":{"start":{"line":46,"column":12},"end":{"line":46,"column":102}},"15":{"start":{"line":52,"column":4},"end":{"line":52,"column":46}},"16":{"start":{"line":61,"column":20},"end":{"line":70,"column":1}},"17":{"start":{"line":62,"column":4},"end":{"line":62,"column":48}},"18":{"start":{"line":67,"column":4},"end":{"line":67,"column":47}},"19":{"start":{"line":69,"column":4},"end":{"line":69,"column":16}},"20":{"start":{"line":78,"column":21},"end":{"line":94,"column":1}},"21":{"start":{"line":79,"column":4},"end":{"line":79,"column":50}},"22":{"start":{"line":84,"column":16},"end":{"line":84,"column":28}},"23":{"start":{"line":86,"column":4},"end":{"line":91,"column":5}},"24":{"start":{"line":88,"column":8},"end":{"line":88,"column":74}},"25":{"start":{"line":90,"column":8},"end":{"line":90,"column":19}},"26":{"start":{"line":93,"column":4},"end":{"line":93,"column":17}},"27":{"start":{"line":96,"column":0},"end":{"line":96,"column":64}}},"fnMap":{"0":{"name":"(anonymous_0)","decl":{"start":{"line":12,"column":16},"end":{"line":12,"column":17}},"loc":{"start":{"line":12,"column":35},"end":{"line":22,"column":1}},"line":12},"1":{"name":"(anonymous_1)","decl":{"start":{"line":33,"column":17},"end":{"line":33,"column":18}},"loc":{"start":{"line":33,"column":60},"end":{"line":53,"column":1}},"line":33},"2":{"name":"(anonymous_2)","decl":{"start":{"line":41,"column":20},"end":{"line":41,"column":21}},"loc":{"start":{"line":41,"column":30},"end":{"line":50,"column":5}},"line":41},"3":{"name":"(anonymous_3)","decl":{"start":{"line":61,"column":20},"end":{"line":61,"column":21}},"loc":{"start":{"line":61,"column":30},"end":{"line":70,"column":1}},"line":61},"4":{"name":"(anonymous_4)","decl":{"start":{"line":78,"column":21},"end":{"line":78,"column":22}},"loc":{"start":{"line":78,"column":32},"end":{"line":94,"column":1}},"line":78}},"branchMap":{},"s":{"0":1,"1":1,"2":1,"3":3,"4":2,"5":1,"6":1,"7":1,"8":5,"9":4,"10":3,"11":2,"12":25,"13":25,"14":91,"15":2,"16":1,"17":3,"18":3,"19":3,"20":1,"21":29,"22":29,"23":29,"24":960,"25":960,"26":29,"27":1},"f":{"0":3,"1":5,"2":25,"3":3,"4":29},"b":{},"_coverageSchema":"332fd63041d2c1bcb487cc26dd0d5f7d97098a6c","hash":"e7e4f07f015941f431fe547eed52438cfc606411"}
,"C:\\Users\\JUser\\OneDrive\\Desktop\\code-challenge-orzu-sangov-master\\src\\util\\testUtils.js": {"path":"C:\\Users\\JUser\\OneDrive\\Desktop\\code-challenge-orzu-sangov-master\\src\\util\\testUtils.js","statementMap":{"0":{"start":{"line":1,"column":14},"end":{"line":1,"column":43}},"1":{"start":{"line":2,"column":14},"end":{"line":2,"column":43}},"2":{"start":{"line":3,"column":17},"end":{"line":3,"column":35}},"3":{"start":{"line":4,"column":17},"end":{"line":4,"column":35}},"4":{"start":{"line":15,"column":8},"end":{"line":15,"column":65}},"5":{"start":{"line":19,"column":32},"end":{"line":19,"column":93}},"6":{"start":{"line":19,"column":59},"end":{"line":19,"column":92}},"7":{"start":{"line":20,"column":28},"end":{"line":20,"column":80}},"8":{"start":{"line":22,"column":8},"end":{"line":22,"column":44}},"9":{"start":{"line":26,"column":32},"end":{"line":26,"column":93}},"10":{"start":{"line":26,"column":59},"end":{"line":26,"column":92}},"11":{"start":{"line":27,"column":28},"end":{"line":27,"column":80}},"12":{"start":{"line":29,"column":8},"end":{"line":29,"column":44}},"13":{"start":{"line":33,"column":0},"end":{"line":33,"column":33}}},"fnMap":{"0":{"name":"(anonymous_0)","decl":{"start":{"line":14,"column":4},"end":{"line":14,"column":5}},"loc":{"start":{"line":14,"column":41},"end":{"line":16,"column":5}},"line":14},"1":{"name":"(anonymous_1)","decl":{"start":{"line":18,"column":4},"end":{"line":18,"column":5}},"loc":{"start":{"line":18,"column":42},"end":{"line":23,"column":5}},"line":18},"2":{"name":"(anonymous_2)","decl":{"start":{"line":19,"column":48},"end":{"line":19,"column":49}},"loc":{"start":{"line":19,"column":59},"end":{"line":19,"column":92}},"line":19},"3":{"name":"(anonymous_3)","decl":{"start":{"line":25,"column":4},"end":{"line":25,"column":5}},"loc":{"start":{"line":25,"column":42},"end":{"line":30,"column":5}},"line":25},"4":{"name":"(anonymous_4)","decl":{"start":{"line":26,"column":48},"end":{"line":26,"column":49}},"loc":{"start":{"line":26,"column":59},"end":{"line":26,"column":92}},"line":26}},"branchMap":{"0":{"loc":{"start":{"line":14,"column":21},"end":{"line":14,"column":30}},"type":"default-arg","locations":[{"start":{"line":14,"column":27},"end":{"line":14,"column":30}}],"line":14},"1":{"loc":{"start":{"line":14,"column":32},"end":{"line":14,"column":39}},"type":"default-arg","locations":[{"start":{"line":14,"column":38},"end":{"line":14,"column":39}}],"line":14},"2":{"loc":{"start":{"line":18,"column":21},"end":{"line":18,"column":40}},"type":"default-arg","locations":[{"start":{"line":18,"column":38},"end":{"line":18,"column":40}}],"line":18},"3":{"loc":{"start":{"line":25,"column":21},"end":{"line":25,"column":40}},"type":"default-arg","locations":[{"start":{"line":25,"column":38},"end":{"line":25,"column":40}}],"line":25}},"s":{"0":5,"1":5,"2":5,"3":5,"4":5019,"5":1009,"6":13117,"7":1009,"8":1009,"9":1008,"10":4032,"11":1008,"12":1008,"13":5},"f":{"0":5019,"1":1009,"2":13117,"3":1008,"4":4032},"b":{"0":[1000],"1":[2000],"2":[1008],"3":[1007]},"_coverageSchema":"332fd63041d2c1bcb487cc26dd0d5f7d97098a6c","hash":"bce7e9de124d3e9a987fb4766bc8d841ddbc46f8"}
}
