TN:
SF:C:\Users\JUser\OneDrive\Desktop\code-challenge-orzu-sangov-master\src\constants\Ranks.js
FNF:0
FNH:0
DA:1,7
LF:1
LH:1
BRF:0
BRH:0
end_of_record
TN:
SF:C:\Users\JUser\OneDrive\Desktop\code-challenge-orzu-sangov-master\src\constants\Suits.js
FNF:0
FNH:0
DA:1,7
LF:1
LH:1
BRF:0
BRH:0
end_of_record
TN:
SF:C:\Users\JUser\OneDrive\Desktop\code-challenge-orzu-sangov-master\src\models\Card.js
FN:6,(anonymous_0)
FN:14,(anonymous_1)
FN:16,(anonymous_2)
FN:18,(anonymous_3)
FNF:4
FNH:4
FNDA:1620,(anonymous_0)
FNDA:557,(anonymous_1)
FNDA:555,(anonymous_2)
FNDA:159,(anonymous_3)
DA:1,4
DA:2,4
DA:3,4
DA:7,1620
DA:8,1619
DA:10,1616
DA:11,1614
DA:14,557
DA:16,555
DA:19,159
DA:24,4
LF:11
LH:11
BRDA:19,0,0,159
BRDA:19,0,1,158
BRF:2
BRH:2
end_of_record
TN:
SF:C:\Users\JUser\OneDrive\Desktop\code-challenge-orzu-sangov-master\src\models\Deck.js
FN:6,(anonymous_0)
FN:16,(anonymous_1)
FN:20,(anonymous_2)
FNF:3
FNH:3
FNDA:30,(anonymous_0)
FNDA:46,(anonymous_1)
FNDA:5,(anonymous_2)
DA:1,3
DA:2,3
DA:3,3
DA:7,30
DA:9,30
DA:10,390
DA:11,1560
DA:17,46
DA:21,5
DA:22,5
DA:24,5
DA:25,4
DA:26,106
DA:27,2
DA:31,2
DA:33,1
DA:38,3
LF:17
LH:17
BRDA:24,0,0,4
BRDA:24,0,1,1
BRDA:26,1,0,2
BRDA:26,1,1,104
BRF:4
BRH:4
end_of_record
TN:
SF:C:\Users\JUser\OneDrive\Desktop\code-challenge-orzu-sangov-master\src\models\Game.js
FN:4,(anonymous_0)
FN:12,(anonymous_1)
FN:14,(anonymous_2)
FN:16,(anonymous_3)
FNF:4
FNH:4
FNDA:19,(anonymous_0)
FNDA:13,(anonymous_1)
FNDA:23,(anonymous_2)
FNDA:5,(anonymous_3)
DA:1,2
DA:5,19
DA:6,18
DA:8,15
DA:9,15
DA:12,13
DA:14,23
DA:17,5
DA:18,5
DA:19,5
DA:20,5
DA:23,5
DA:24,2
DA:27,3
DA:28,3
DA:29,1
DA:34,2
DA:35,53
DA:36,1
DA:40,1
DA:45,2
LF:21
LH:21
BRDA:23,0,0,2
BRDA:23,0,1,3
BRDA:23,1,0,5
BRDA:23,1,1,4
BRDA:28,2,0,1
BRDA:28,2,1,2
BRDA:35,3,0,1
BRDA:35,3,1,52
BRF:8
BRH:8
end_of_record
TN:
SF:C:\Users\JUser\OneDrive\Desktop\code-challenge-orzu-sangov-master\src\models\Player.js
FN:4,(anonymous_0)
FN:11,(anonymous_1)
FN:13,(anonymous_2)
FN:19,(anonymous_3)
FNF:4
FNH:4
FNDA:59,(anonymous_0)
FNDA:11,(anonymous_1)
FNDA:3,(anonymous_2)
FNDA:5,(anonymous_3)
DA:1,3
DA:5,59
DA:7,57
DA:8,57
DA:11,11
DA:14,3
DA:16,1
DA:20,5
DA:24,3
LF:9
LH:9
BRF:0
BRH:0
end_of_record
TN:
SF:C:\Users\JUser\OneDrive\Desktop\code-challenge-orzu-sangov-master\src\models\Rank.js
FN:5,(anonymous_0)
FN:11,(anonymous_1)
FN:13,(anonymous_2)
FN:15,(anonymous_3)
FN:17,(anonymous_4)
FN:19,(anonymous_5)
FNF:6
FNH:6
FNDA:1626,(anonymous_0)
FNDA:13,(anonymous_1)
FNDA:1656,(anonymous_2)
FNDA:562,(anonymous_3)
FNDA:319,(anonymous_4)
FNDA:161,(anonymous_5)
DA:1,5
DA:2,5
DA:6,1626
DA:7,1624
DA:8,1621
DA:11,13
DA:13,1656
DA:15,562
DA:17,319
DA:20,161
DA:25,5
LF:11
LH:11
BRDA:20,0,0,161
BRDA:20,0,1,159
BRF:2
BRH:2
end_of_record
TN:
SF:C:\Users\JUser\OneDrive\Desktop\code-challenge-orzu-sangov-master\src\models\Suit.js
FN:5,(anonymous_0)
FN:11,(anonymous_1)
FN:13,(anonymous_2)
FN:15,(anonymous_3)
FN:17,(anonymous_4)
FNF:5
FNH:5
FNDA:1623,(anonymous_0)
FNDA:4,(anonymous_1)
FNDA:2013,(anonymous_2)
FNDA:560,(anonymous_3)
FNDA:160,(anonymous_4)
DA:1,5
DA:2,5
DA:6,1623
DA:7,1621
DA:8,1618
DA:11,4
DA:13,2013
DA:15,560
DA:17,160
DA:20,5
LF:10
LH:10
BRF:0
BRH:0
end_of_record
TN:
SF:C:\Users\JUser\OneDrive\Desktop\code-challenge-orzu-sangov-master\src\util\cardDealer.js
FN:12,(anonymous_0)
FN:33,(anonymous_1)
FN:41,(anonymous_2)
FN:61,(anonymous_3)
FN:78,(anonymous_4)
FNF:5
FNH:5
FNDA:3,(anonymous_0)
FNDA:5,(anonymous_1)
FNDA:25,(anonymous_2)
FNDA:3,(anonymous_3)
FNDA:29,(anonymous_4)
DA:1,1
DA:2,1
DA:12,1
DA:13,3
DA:14,2
DA:19,1
DA:21,1
DA:33,1
DA:34,5
DA:35,4
DA:36,3
DA:41,2
DA:43,25
DA:45,25
DA:46,91
DA:52,2
DA:61,1
DA:62,3
DA:67,3
DA:69,3
DA:78,1
DA:79,29
DA:84,29
DA:86,29
DA:88,960
DA:90,960
DA:93,29
DA:96,1
LF:28
LH:28
BRF:0
BRH:0
end_of_record
TN:
SF:C:\Users\JUser\OneDrive\Desktop\code-challenge-orzu-sangov-master\src\util\testUtils.js
FN:14,(anonymous_0)
FN:18,(anonymous_1)
FN:19,(anonymous_2)
FN:25,(anonymous_3)
FN:26,(anonymous_4)
FNF:5
FNH:5
FNDA:5019,(anonymous_0)
FNDA:1009,(anonymous_1)
FNDA:13117,(anonymous_2)
FNDA:1008,(anonymous_3)
FNDA:4032,(anonymous_4)
DA:1,5
DA:2,5
DA:3,5
DA:4,5
DA:15,5019
DA:19,13117
DA:20,1009
DA:22,1009
DA:26,4032
DA:27,1008
DA:29,1008
DA:33,5
LF:12
LH:12
BRDA:14,0,0,1000
BRDA:14,1,0,2000
BRDA:18,2,0,1008
BRDA:25,3,0,1007
BRF:4
BRH:4
end_of_record
